

Started GET "/recipes/index?search=dog" for 127.0.0.1 at 2017-10-22 01:10:22 +0200
Processing by RecipesController#index as HTML
  Parameters: {"search"=>"dog"}
Completed 500 Internal Server Error in 632ms (ActiveRecord: 0.0ms)

JSON::ParserError (822: unexpected token at 'FORBIDDEN'):
  app/models/recipe.rb:12:in `for'
  app/controllers/recipes_controller.rb:4:in `index'


  Rendered /home/bonzo/.rbenv/versions/2.4.2/lib/ruby/gems/2.4.0/gems/actionpack-4.2.8/lib/action_dispatch/middleware/templates/rescues/_source.erb (11.9ms)
  Rendered /home/bonzo/.rbenv/versions/2.4.2/lib/ruby/gems/2.4.0/gems/actionpack-4.2.8/lib/action_dispatch/middleware/templates/rescues/_trace.html.erb (2.6ms)
  Rendered /home/bonzo/.rbenv/versions/2.4.2/lib/ruby/gems/2.4.0/gems/actionpack-4.2.8/lib/action_dispatch/middleware/templates/rescues/_request_and_response.html.erb (1.6ms)
  Rendered /home/bonzo/.rbenv/versions/2.4.2/lib/ruby/gems/2.4.0/gems/actionpack-4.2.8/lib/action_dispatch/middleware/templates/rescues/diagnostics.html.erb within rescues/layout (50.9ms)
  Rendered /home/bonzo/.rbenv/versions/2.4.2/lib/ruby/gems/2.4.0/gems/web-console-2.3.0/lib/web_console/templates/_markup.html.erb (0.3ms)
  Rendered /home/bonzo/.rbenv/versions/2.4.2/lib/ruby/gems/2.4.0/gems/web-console-2.3.0/lib/web_console/templates/_inner_console_markup.html.erb within layouts/inlined_string (0.3ms)
  Rendered /home/bonzo/.rbenv/versions/2.4.2/lib/ruby/gems/2.4.0/gems/web-console-2.3.0/lib/web_console/templates/_prompt_box_markup.html.erb within layouts/inlined_string (0.5ms)
  Rendered /home/bonzo/.rbenv/versions/2.4.2/lib/ruby/gems/2.4.0/gems/web-console-2.3.0/lib/web_console/templates/style.css.erb within layouts/inlined_string (0.3ms)
  Rendered /home/bonzo/.rbenv/versions/2.4.2/lib/ruby/gems/2.4.0/gems/web-console-2.3.0/lib/web_console/templates/console.js.erb within layouts/javascript (36.8ms)
  Rendered /home/bonzo/.rbenv/versions/2.4.2/lib/ruby/gems/2.4.0/gems/web-console-2.3.0/lib/web_console/templates/main.js.erb within layouts/javascript (0.3ms)
  Rendered /home/bonzo/.rbenv/versions/2.4.2/lib/ruby/gems/2.4.0/gems/web-console-2.3.0/lib/web_console/templates/error_page.js.erb within layouts/javascript (0.4ms)
  Rendered /home/bonzo/.rbenv/versions/2.4.2/lib/ruby/gems/2.4.0/gems/web-console-2.3.0/lib/web_console/templates/index.html.erb (66.1ms)


Started GET "/recipes/index?search=dog" for 127.0.0.1 at 2017-10-22 01:11:45 +0200
Processing by RecipesController#index as HTML
  Parameters: {"search"=>"dog"}
Completed 500 Internal Server Error in 795ms (ActiveRecord: 0.0ms)

JSON::ParserError (822: unexpected token at 'FORBIDDEN'):
  app/models/recipe.rb:12:in `for'
  app/controllers/recipes_controller.rb:4:in `index'


  Rendered /home/bonzo/.rbenv/versions/2.4.2/lib/ruby/gems/2.4.0/gems/actionpack-4.2.8/lib/action_dispatch/middleware/templates/rescues/_source.erb (5.6ms)
  Rendered /home/bonzo/.rbenv/versions/2.4.2/lib/ruby/gems/2.4.0/gems/actionpack-4.2.8/lib/action_dispatch/middleware/templates/rescues/_trace.html.erb (2.9ms)
  Rendered /home/bonzo/.rbenv/versions/2.4.2/lib/ruby/gems/2.4.0/gems/actionpack-4.2.8/lib/action_dispatch/middleware/templates/rescues/_request_and_response.html.erb (0.8ms)
  Rendered /home/bonzo/.rbenv/versions/2.4.2/lib/ruby/gems/2.4.0/gems/actionpack-4.2.8/lib/action_dispatch/middleware/templates/rescues/diagnostics.html.erb within rescues/layout (23.4ms)
  Rendered /home/bonzo/.rbenv/versions/2.4.2/lib/ruby/gems/2.4.0/gems/web-console-2.3.0/lib/web_console/templates/_markup.html.erb (0.3ms)
  Rendered /home/bonzo/.rbenv/versions/2.4.2/lib/ruby/gems/2.4.0/gems/web-console-2.3.0/lib/web_console/templates/_inner_console_markup.html.erb within layouts/inlined_string (0.4ms)
  Rendered /home/bonzo/.rbenv/versions/2.4.2/lib/ruby/gems/2.4.0/gems/web-console-2.3.0/lib/web_console/templates/_prompt_box_markup.html.erb within layouts/inlined_string (0.7ms)
  Rendered /home/bonzo/.rbenv/versions/2.4.2/lib/ruby/gems/2.4.0/gems/web-console-2.3.0/lib/web_console/templates/style.css.erb within layouts/inlined_string (0.3ms)
  Rendered /home/bonzo/.rbenv/versions/2.4.2/lib/ruby/gems/2.4.0/gems/web-console-2.3.0/lib/web_console/templates/console.js.erb within layouts/javascript (17.1ms)
  Rendered /home/bonzo/.rbenv/versions/2.4.2/lib/ruby/gems/2.4.0/gems/web-console-2.3.0/lib/web_console/templates/main.js.erb within layouts/javascript (0.3ms)
  Rendered /home/bonzo/.rbenv/versions/2.4.2/lib/ruby/gems/2.4.0/gems/web-console-2.3.0/lib/web_console/templates/error_page.js.erb within layouts/javascript (0.3ms)
  Rendered /home/bonzo/.rbenv/versions/2.4.2/lib/ruby/gems/2.4.0/gems/web-console-2.3.0/lib/web_console/templates/index.html.erb (31.7ms)


Started GET "/recipes/index?search=" for 127.0.0.1 at 2017-10-22 01:11:48 +0200
Processing by RecipesController#index as HTML
  Parameters: {"search"=>""}
Completed 500 Internal Server Error in 333ms (ActiveRecord: 0.0ms)

JSON::ParserError (822: unexpected token at 'FORBIDDEN'):
  app/models/recipe.rb:12:in `for'
  app/controllers/recipes_controller.rb:4:in `index'


  Rendered /home/bonzo/.rbenv/versions/2.4.2/lib/ruby/gems/2.4.0/gems/actionpack-4.2.8/lib/action_dispatch/middleware/templates/rescues/_source.erb (5.2ms)
  Rendered /home/bonzo/.rbenv/versions/2.4.2/lib/ruby/gems/2.4.0/gems/actionpack-4.2.8/lib/action_dispatch/middleware/templates/rescues/_trace.html.erb (2.3ms)
  Rendered /home/bonzo/.rbenv/versions/2.4.2/lib/ruby/gems/2.4.0/gems/actionpack-4.2.8/lib/action_dispatch/middleware/templates/rescues/_request_and_response.html.erb (0.9ms)
  Rendered /home/bonzo/.rbenv/versions/2.4.2/lib/ruby/gems/2.4.0/gems/actionpack-4.2.8/lib/action_dispatch/middleware/templates/rescues/diagnostics.html.erb within rescues/layout (22.2ms)
  Rendered /home/bonzo/.rbenv/versions/2.4.2/lib/ruby/gems/2.4.0/gems/web-console-2.3.0/lib/web_console/templates/_markup.html.erb (0.3ms)
  Rendered /home/bonzo/.rbenv/versions/2.4.2/lib/ruby/gems/2.4.0/gems/web-console-2.3.0/lib/web_console/templates/_inner_console_markup.html.erb within layouts/inlined_string (0.3ms)
  Rendered /home/bonzo/.rbenv/versions/2.4.2/lib/ruby/gems/2.4.0/gems/web-console-2.3.0/lib/web_console/templates/_prompt_box_markup.html.erb within layouts/inlined_string (0.4ms)
  Rendered /home/bonzo/.rbenv/versions/2.4.2/lib/ruby/gems/2.4.0/gems/web-console-2.3.0/lib/web_console/templates/style.css.erb within layouts/inlined_string (0.3ms)
  Rendered /home/bonzo/.rbenv/versions/2.4.2/lib/ruby/gems/2.4.0/gems/web-console-2.3.0/lib/web_console/templates/console.js.erb within layouts/javascript (17.0ms)
  Rendered /home/bonzo/.rbenv/versions/2.4.2/lib/ruby/gems/2.4.0/gems/web-console-2.3.0/lib/web_console/templates/main.js.erb within layouts/javascript (0.2ms)
  Rendered /home/bonzo/.rbenv/versions/2.4.2/lib/ruby/gems/2.4.0/gems/web-console-2.3.0/lib/web_console/templates/error_page.js.erb within layouts/javascript (0.3ms)
  Rendered /home/bonzo/.rbenv/versions/2.4.2/lib/ruby/gems/2.4.0/gems/web-console-2.3.0/lib/web_console/templates/index.html.erb (32.9ms)


Started GET "/recipes/index?search=" for 127.0.0.1 at 2017-10-22 01:11:50 +0200
Processing by RecipesController#index as HTML
  Parameters: {"search"=>""}
Completed 500 Internal Server Error in 555ms (ActiveRecord: 0.0ms)

JSON::ParserError (822: unexpected token at 'FORBIDDEN'):
  app/models/recipe.rb:12:in `for'
  app/controllers/recipes_controller.rb:4:in `index'


  Rendered /home/bonzo/.rbenv/versions/2.4.2/lib/ruby/gems/2.4.0/gems/actionpack-4.2.8/lib/action_dispatch/middleware/templates/rescues/_source.erb (20.2ms)
  Rendered /home/bonzo/.rbenv/versions/2.4.2/lib/ruby/gems/2.4.0/gems/actionpack-4.2.8/lib/action_dispatch/middleware/templates/rescues/_trace.html.erb (2.2ms)
  Rendered /home/bonzo/.rbenv/versions/2.4.2/lib/ruby/gems/2.4.0/gems/actionpack-4.2.8/lib/action_dispatch/middleware/templates/rescues/_request_and_response.html.erb (0.9ms)
  Rendered /home/bonzo/.rbenv/versions/2.4.2/lib/ruby/gems/2.4.0/gems/actionpack-4.2.8/lib/action_dispatch/middleware/templates/rescues/diagnostics.html.erb within rescues/layout (36.2ms)
  Rendered /home/bonzo/.rbenv/versions/2.4.2/lib/ruby/gems/2.4.0/gems/web-console-2.3.0/lib/web_console/templates/_markup.html.erb (0.6ms)
  Rendered /home/bonzo/.rbenv/versions/2.4.2/lib/ruby/gems/2.4.0/gems/web-console-2.3.0/lib/web_console/templates/_inner_console_markup.html.erb within layouts/inlined_string (0.3ms)
  Rendered /home/bonzo/.rbenv/versions/2.4.2/lib/ruby/gems/2.4.0/gems/web-console-2.3.0/lib/web_console/templates/_prompt_box_markup.html.erb within layouts/inlined_string (0.3ms)
  Rendered /home/bonzo/.rbenv/versions/2.4.2/lib/ruby/gems/2.4.0/gems/web-console-2.3.0/lib/web_console/templates/style.css.erb within layouts/inlined_string (0.3ms)
  Rendered /home/bonzo/.rbenv/versions/2.4.2/lib/ruby/gems/2.4.0/gems/web-console-2.3.0/lib/web_console/templates/console.js.erb within layouts/javascript (14.7ms)
  Rendered /home/bonzo/.rbenv/versions/2.4.2/lib/ruby/gems/2.4.0/gems/web-console-2.3.0/lib/web_console/templates/main.js.erb within layouts/javascript (0.2ms)
  Rendered /home/bonzo/.rbenv/versions/2.4.2/lib/ruby/gems/2.4.0/gems/web-console-2.3.0/lib/web_console/templates/error_page.js.erb within layouts/javascript (0.5ms)
  Rendered /home/bonzo/.rbenv/versions/2.4.2/lib/ruby/gems/2.4.0/gems/web-console-2.3.0/lib/web_console/templates/index.html.erb (32.7ms)


Started POST "/__web_console/repl_sessions/16a9e9c86d1e4268518181c74f089b2d/trace" for 127.0.0.1 at 2017-10-22 01:11:59 +0200


Started GET "/recipes/index?search=" for 127.0.0.1 at 2017-10-22 01:13:16 +0200
Processing by RecipesController#index as HTML
  Parameters: {"search"=>""}
Completed 500 Internal Server Error in 2894ms (ActiveRecord: 0.0ms)

JSON::ParserError (822: unexpected token at 'FORBIDDEN'):
  app/models/recipe.rb:12:in `for'
  app/controllers/recipes_controller.rb:4:in `index'


  Rendered /home/bonzo/.rbenv/versions/2.4.2/lib/ruby/gems/2.4.0/gems/actionpack-4.2.8/lib/action_dispatch/middleware/templates/rescues/_source.erb (6.5ms)
  Rendered /home/bonzo/.rbenv/versions/2.4.2/lib/ruby/gems/2.4.0/gems/actionpack-4.2.8/lib/action_dispatch/middleware/templates/rescues/_trace.html.erb (2.5ms)
  Rendered /home/bonzo/.rbenv/versions/2.4.2/lib/ruby/gems/2.4.0/gems/actionpack-4.2.8/lib/action_dispatch/middleware/templates/rescues/_request_and_response.html.erb (0.9ms)
  Rendered /home/bonzo/.rbenv/versions/2.4.2/lib/ruby/gems/2.4.0/gems/actionpack-4.2.8/lib/action_dispatch/middleware/templates/rescues/diagnostics.html.erb within rescues/layout (23.9ms)
  Rendered /home/bonzo/.rbenv/versions/2.4.2/lib/ruby/gems/2.4.0/gems/web-console-2.3.0/lib/web_console/templates/_markup.html.erb (0.4ms)
  Rendered /home/bonzo/.rbenv/versions/2.4.2/lib/ruby/gems/2.4.0/gems/web-console-2.3.0/lib/web_console/templates/_inner_console_markup.html.erb within layouts/inlined_string (0.3ms)
  Rendered /home/bonzo/.rbenv/versions/2.4.2/lib/ruby/gems/2.4.0/gems/web-console-2.3.0/lib/web_console/templates/_prompt_box_markup.html.erb within layouts/inlined_string (0.9ms)
  Rendered /home/bonzo/.rbenv/versions/2.4.2/lib/ruby/gems/2.4.0/gems/web-console-2.3.0/lib/web_console/templates/style.css.erb within layouts/inlined_string (0.2ms)
  Rendered /home/bonzo/.rbenv/versions/2.4.2/lib/ruby/gems/2.4.0/gems/web-console-2.3.0/lib/web_console/templates/console.js.erb within layouts/javascript (16.5ms)
  Rendered /home/bonzo/.rbenv/versions/2.4.2/lib/ruby/gems/2.4.0/gems/web-console-2.3.0/lib/web_console/templates/main.js.erb within layouts/javascript (0.3ms)
  Rendered /home/bonzo/.rbenv/versions/2.4.2/lib/ruby/gems/2.4.0/gems/web-console-2.3.0/lib/web_console/templates/error_page.js.erb within layouts/javascript (0.3ms)
  Rendered /home/bonzo/.rbenv/versions/2.4.2/lib/ruby/gems/2.4.0/gems/web-console-2.3.0/lib/web_console/templates/index.html.erb (33.0ms)


Started GET "/recipes/index?search=" for 127.0.0.1 at 2017-10-22 01:14:53 +0200
Processing by RecipesController#index as HTML
  Parameters: {"search"=>""}
Completed 500 Internal Server Error in 6243ms (ActiveRecord: 0.0ms)

JSON::ParserError (822: unexpected token at 'FORBIDDEN'):
  app/models/recipe.rb:12:in `for'
  app/controllers/recipes_controller.rb:4:in `index'


  Rendered /home/bonzo/.rbenv/versions/2.4.2/lib/ruby/gems/2.4.0/gems/actionpack-4.2.8/lib/action_dispatch/middleware/templates/rescues/_source.erb (5.7ms)
  Rendered /home/bonzo/.rbenv/versions/2.4.2/lib/ruby/gems/2.4.0/gems/actionpack-4.2.8/lib/action_dispatch/middleware/templates/rescues/_trace.html.erb (2.9ms)
  Rendered /home/bonzo/.rbenv/versions/2.4.2/lib/ruby/gems/2.4.0/gems/actionpack-4.2.8/lib/action_dispatch/middleware/templates/rescues/_request_and_response.html.erb (1.0ms)
  Rendered /home/bonzo/.rbenv/versions/2.4.2/lib/ruby/gems/2.4.0/gems/actionpack-4.2.8/lib/action_dispatch/middleware/templates/rescues/diagnostics.html.erb within rescues/layout (24.2ms)
  Rendered /home/bonzo/.rbenv/versions/2.4.2/lib/ruby/gems/2.4.0/gems/web-console-2.3.0/lib/web_console/templates/_markup.html.erb (0.3ms)
  Rendered /home/bonzo/.rbenv/versions/2.4.2/lib/ruby/gems/2.4.0/gems/web-console-2.3.0/lib/web_console/templates/_inner_console_markup.html.erb within layouts/inlined_string (0.6ms)
  Rendered /home/bonzo/.rbenv/versions/2.4.2/lib/ruby/gems/2.4.0/gems/web-console-2.3.0/lib/web_console/templates/_prompt_box_markup.html.erb within layouts/inlined_string (0.2ms)
  Rendered /home/bonzo/.rbenv/versions/2.4.2/lib/ruby/gems/2.4.0/gems/web-console-2.3.0/lib/web_console/templates/style.css.erb within layouts/inlined_string (0.3ms)
  Rendered /home/bonzo/.rbenv/versions/2.4.2/lib/ruby/gems/2.4.0/gems/web-console-2.3.0/lib/web_console/templates/console.js.erb within layouts/javascript (19.1ms)
  Rendered /home/bonzo/.rbenv/versions/2.4.2/lib/ruby/gems/2.4.0/gems/web-console-2.3.0/lib/web_console/templates/main.js.erb within layouts/javascript (0.2ms)
  Rendered /home/bonzo/.rbenv/versions/2.4.2/lib/ruby/gems/2.4.0/gems/web-console-2.3.0/lib/web_console/templates/error_page.js.erb within layouts/javascript (0.3ms)
  Rendered /home/bonzo/.rbenv/versions/2.4.2/lib/ruby/gems/2.4.0/gems/web-console-2.3.0/lib/web_console/templates/index.html.erb (34.9ms)


Started GET "/recipes/index" for 127.0.0.1 at 2017-10-22 01:14:59 +0200
Processing by RecipesController#index as HTML
Completed 500 Internal Server Error in 2829ms (ActiveRecord: 0.0ms)

JSON::ParserError (822: unexpected token at 'FORBIDDEN'):
  app/models/recipe.rb:12:in `for'
  app/controllers/recipes_controller.rb:4:in `index'


  Rendered /home/bonzo/.rbenv/versions/2.4.2/lib/ruby/gems/2.4.0/gems/actionpack-4.2.8/lib/action_dispatch/middleware/templates/rescues/_source.erb (6.5ms)
  Rendered /home/bonzo/.rbenv/versions/2.4.2/lib/ruby/gems/2.4.0/gems/actionpack-4.2.8/lib/action_dispatch/middleware/templates/rescues/_trace.html.erb (2.3ms)
  Rendered /home/bonzo/.rbenv/versions/2.4.2/lib/ruby/gems/2.4.0/gems/actionpack-4.2.8/lib/action_dispatch/middleware/templates/rescues/_request_and_response.html.erb (1.0ms)
  Rendered /home/bonzo/.rbenv/versions/2.4.2/lib/ruby/gems/2.4.0/gems/actionpack-4.2.8/lib/action_dispatch/middleware/templates/rescues/diagnostics.html.erb within rescues/layout (24.2ms)
  Rendered /home/bonzo/.rbenv/versions/2.4.2/lib/ruby/gems/2.4.0/gems/web-console-2.3.0/lib/web_console/templates/_markup.html.erb (0.2ms)
  Rendered /home/bonzo/.rbenv/versions/2.4.2/lib/ruby/gems/2.4.0/gems/web-console-2.3.0/lib/web_console/templates/_inner_console_markup.html.erb within layouts/inlined_string (0.5ms)
  Rendered /home/bonzo/.rbenv/versions/2.4.2/lib/ruby/gems/2.4.0/gems/web-console-2.3.0/lib/web_console/templates/_prompt_box_markup.html.erb within layouts/inlined_string (0.3ms)
  Rendered /home/bonzo/.rbenv/versions/2.4.2/lib/ruby/gems/2.4.0/gems/web-console-2.3.0/lib/web_console/templates/style.css.erb within layouts/inlined_string (0.4ms)
  Rendered /home/bonzo/.rbenv/versions/2.4.2/lib/ruby/gems/2.4.0/gems/web-console-2.3.0/lib/web_console/templates/console.js.erb within layouts/javascript (18.8ms)
  Rendered /home/bonzo/.rbenv/versions/2.4.2/lib/ruby/gems/2.4.0/gems/web-console-2.3.0/lib/web_console/templates/main.js.erb within layouts/javascript (0.4ms)
  Rendered /home/bonzo/.rbenv/versions/2.4.2/lib/ruby/gems/2.4.0/gems/web-console-2.3.0/lib/web_console/templates/error_page.js.erb within layouts/javascript (0.4ms)
  Rendered /home/bonzo/.rbenv/versions/2.4.2/lib/ruby/gems/2.4.0/gems/web-console-2.3.0/lib/web_console/templates/index.html.erb (35.8ms)


Started GET "/recipes/index" for 127.0.0.1 at 2017-10-22 01:20:02 +0200
Processing by RecipesController#index as HTML
Completed 500 Internal Server Error in 5825ms (ActiveRecord: 0.0ms)

JSON::ParserError (822: unexpected token at 'FORBIDDEN'):
  app/models/recipe.rb:12:in `for'
  app/controllers/recipes_controller.rb:4:in `index'


  Rendered /home/bonzo/.rbenv/versions/2.4.2/lib/ruby/gems/2.4.0/gems/actionpack-4.2.8/lib/action_dispatch/middleware/templates/rescues/_source.erb (6.0ms)
  Rendered /home/bonzo/.rbenv/versions/2.4.2/lib/ruby/gems/2.4.0/gems/actionpack-4.2.8/lib/action_dispatch/middleware/templates/rescues/_trace.html.erb (2.2ms)
  Rendered /home/bonzo/.rbenv/versions/2.4.2/lib/ruby/gems/2.4.0/gems/actionpack-4.2.8/lib/action_dispatch/middleware/templates/rescues/_request_and_response.html.erb (0.8ms)
  Rendered /home/bonzo/.rbenv/versions/2.4.2/lib/ruby/gems/2.4.0/gems/actionpack-4.2.8/lib/action_dispatch/middleware/templates/rescues/diagnostics.html.erb within rescues/layout (22.8ms)
  Rendered /home/bonzo/.rbenv/versions/2.4.2/lib/ruby/gems/2.4.0/gems/web-console-2.3.0/lib/web_console/templates/_markup.html.erb (0.3ms)
  Rendered /home/bonzo/.rbenv/versions/2.4.2/lib/ruby/gems/2.4.0/gems/web-console-2.3.0/lib/web_console/templates/_inner_console_markup.html.erb within layouts/inlined_string (0.6ms)
  Rendered /home/bonzo/.rbenv/versions/2.4.2/lib/ruby/gems/2.4.0/gems/web-console-2.3.0/lib/web_console/templates/_prompt_box_markup.html.erb within layouts/inlined_string (0.3ms)
  Rendered /home/bonzo/.rbenv/versions/2.4.2/lib/ruby/gems/2.4.0/gems/web-console-2.3.0/lib/web_console/templates/style.css.erb within layouts/inlined_string (0.3ms)
  Rendered /home/bonzo/.rbenv/versions/2.4.2/lib/ruby/gems/2.4.0/gems/web-console-2.3.0/lib/web_console/templates/console.js.erb within layouts/javascript (19.1ms)
  Rendered /home/bonzo/.rbenv/versions/2.4.2/lib/ruby/gems/2.4.0/gems/web-console-2.3.0/lib/web_console/templates/main.js.erb within layouts/javascript (0.2ms)
  Rendered /home/bonzo/.rbenv/versions/2.4.2/lib/ruby/gems/2.4.0/gems/web-console-2.3.0/lib/web_console/templates/error_page.js.erb within layouts/javascript (0.3ms)
  Rendered /home/bonzo/.rbenv/versions/2.4.2/lib/ruby/gems/2.4.0/gems/web-console-2.3.0/lib/web_console/templates/index.html.erb (34.7ms)


Started GET "/recipes/index" for 127.0.0.1 at 2017-10-22 01:32:36 +0200
Processing by RecipesController#index as HTML
  Rendered recipes/index.html.erb within layouts/application (14.0ms)
Completed 200 OK in 1466ms (Views: 421.1ms | ActiveRecord: 0.0ms)


Started GET "/assets/application.self-e80e8f2318043e8af94dddc2adad5a4f09739a8ebb323b3ab31cd71d45fd9113.css?body=1" for 127.0.0.1 at 2017-10-22 01:32:37 +0200


Started GET "/assets/jquery.self-bd7ddd393353a8d2480a622e80342adf488fb6006d667e8b42e4c0073393abee.js?body=1" for 127.0.0.1 at 2017-10-22 01:32:37 +0200


Started GET "/assets/application.self-3b8dabdc891efe46b9a144b400ad69e37d7e5876bdc39dee783419a69d7ca819.js?body=1" for 127.0.0.1 at 2017-10-22 01:32:37 +0200


Started GET "/assets/jquery_ujs.self-784a997f6726036b1993eb2217c9cb558e1cbb801c6da88105588c56f13b466a.js?body=1" for 127.0.0.1 at 2017-10-22 01:32:37 +0200


Started GET "/recipes/index" for 127.0.0.1 at 2017-10-22 01:41:55 +0200
Processing by RecipesController#index as HTML
  Rendered recipes/index.html.erb within layouts/application (12.0ms)
Completed 200 OK in 1101ms (Views: 30.2ms | ActiveRecord: 0.0ms)


Started GET "/recipes/index?search=chicken" for 127.0.0.1 at 2017-10-22 01:42:00 +0200
Processing by RecipesController#index as HTML
  Parameters: {"search"=>"chicken"}
  Rendered recipes/index.html.erb within layouts/application (17.2ms)
Completed 200 OK in 1298ms (Views: 29.2ms | ActiveRecord: 0.0ms)
